<?xml version="1.0" encoding="UTF-8"?>
<!-- Generated by org.testng.reporters.JUnitReportReporter -->
<testsuite hostname="HTC-D-CQX99R2" failures="0" tests="1" name="com.assured.PostAPIRequest" time="5.461" errors="0" timestamp="2024-05-07T10:41:53 IST" skipped="0">
  <testcase classname="com.assured.PostAPIRequest" name="createBooking" time="5.461"/>
  <system-out/>
</testsuite> <!-- com.assured.PostAPIRequest -->
