<?xml version="1.0" encoding="UTF-8"?>
<!-- Generated by org.testng.reporters.JUnitReportReporter -->
<testsuite hostname="HTC-D-CQX99R2" failures="0" tests="9" name="com.example.bookacar.testcases.TestLeaf" time="4.395" errors="0" timestamp="2024-05-15T17:00:44 IST" skipped="0">
  <testcase classname="com.example.bookacar.testcases.TestLeaf" name="testErrorMessageDisplayedOnEnter" time="0.745"/>
  <system-out/>
  <testcase classname="com.example.bookacar.testcases.TestLeaf" name="clearText" time="0.059"/>
  <system-out/>
  <testcase classname="com.example.bookacar.testcases.TestLeaf" name="typeAboutYourself" time="0.119"/>
  <system-out/>
  <testcase classname="com.example.bookacar.testcases.TestLeaf" name="verifyTextBoxIsDisabled" time="0.031"/>
  <system-out/>
  <testcase classname="com.example.bookacar.testcases.TestLeaf" name="testRedirectToWebsite" time="0.018"/>
  <system-out/>
  <testcase classname="com.example.bookacar.testcases.TestLeaf" name="clearAndRetrieveText" time="0.032"/>
  <system-out/>
  <testcase classname="com.example.bookacar.testcases.TestLeaf" name="typeEmailAndTab" time="0.138"/>
  <system-out/>
  <testcase classname="com.example.bookacar.testcases.TestLeaf" name="typeName" time="0.120"/>
  <system-out/>
  <testcase classname="com.example.bookacar.testcases.TestLeaf" name="appendText" time="3.133"/>
  <system-out/>
</testsuite> <!-- com.example.bookacar.testcases.TestLeaf -->
