<?xml version="1.0" encoding="UTF-8"?>
<!-- Generated by org.testng.reporters.JUnitReportReporter -->
<testsuite hostname="HTC-D-CQX99R2" failures="0" tests="10" name="com.example.bookacar.testcases.BookACarForm" time="48.337" errors="0" timestamp="2024-05-10T15:31:10 IST" skipped="0">
  <testcase classname="com.example.bookacar.testcases.BookACarForm" name="selectExteriorColor" time="5.208"/>
  <system-out/>
  <testcase classname="com.example.bookacar.testcases.BookACarForm" name="selectInteriorColor" time="5.186"/>
  <system-out/>
  <testcase classname="com.example.bookacar.testcases.BookACarForm" name="selectVariant" time="5.217"/>
  <system-out/>
  <testcase classname="com.example.bookacar.testcases.BookACarForm" name="selectDealerState" time="5.202"/>
  <system-out/>
  <testcase classname="com.example.bookacar.testcases.BookACarForm" name="clickProceedButton" time="5.111"/>
  <system-out/>
  <testcase classname="com.example.bookacar.testcases.BookACarForm" name="testRedirectToWebsite" time="1.537"/>
  <system-out/>
  <testcase classname="com.example.bookacar.testcases.BookACarForm" name="clickOnModel" time="5.353"/>
  <system-out/>
  <testcase classname="com.example.bookacar.testcases.BookACarForm" name="clickOnFuelType" time="5.181"/>
  <system-out/>
  <testcase classname="com.example.bookacar.testcases.BookACarForm" name="selectDealerCity" time="5.169"/>
  <system-out/>
  <testcase classname="com.example.bookacar.testcases.BookACarForm" name="selectDealerName" time="5.173"/>
  <system-out/>
</testsuite> <!-- com.example.bookacar.testcases.BookACarForm -->
