<?xml version="1.0" encoding="UTF-8"?>
<!-- Generated by org.testng.reporters.JUnitReportReporter -->
<testsuite hostname="HTC-D-CQX99R2" failures="0" tests="1" name="com.example.bookacar.testcases.Test1" time="3.914" errors="0" timestamp="2024-05-24T14:22:21 IST" skipped="0">
  <testcase classname="com.example.bookacar.testcases.Test1" name="testRedirectToWebsite" time="3.914"/>
  <system-out/>
</testsuite> <!-- com.example.bookacar.testcases.Test1 -->
