<?xml version="1.0" encoding="UTF-8"?>
<!-- Generated by org.testng.reporters.JUnitReportReporter -->
<testsuite hostname="HTC-D-CQX99R2" failures="0" tests="1" name="com.example.bookacar.testcases.BookACarForm" time="1.346" errors="0" timestamp="2024-05-09T17:37:12 IST" skipped="0">
  <testcase classname="com.example.bookacar.testcases.BookACarForm" name="testRedirectToWebsite" time="1.346"/>
  <system-out/>
</testsuite> <!-- com.example.bookacar.testcases.BookACarForm -->
