<?xml version="1.0" encoding="UTF-8"?>
<!-- Generated by org.testng.reporters.JUnitReportReporter -->
<testsuite hostname="HTC-D-CQX99R2" failures="0" tests="6" name="com.example.bookacar.testcases.Select" time="3.790" errors="0" timestamp="2024-05-21T18:08:48 IST" skipped="0">
  <testcase classname="com.example.bookacar.testcases.Select" name="selectTwoValue" time="0.756"/>
  <system-out/>
  <testcase classname="com.example.bookacar.testcases.Select" name="selectCountry" time="1.430"/>
  <system-out/>
  <testcase classname="com.example.bookacar.testcases.Select" name="selectEnglishLanguage" time="0.298"/>
  <system-out/>
  <testcase classname="com.example.bookacar.testcases.Select" name="selectReactJs" time="0.831"/>
  <system-out/>
  <testcase classname="com.example.bookacar.testcases.Select" name="selectTool" time="0.197"/>
  <system-out/>
  <testcase classname="com.example.bookacar.testcases.Select" name="confirmAndSelectCity" time="0.278"/>
  <system-out/>
</testsuite> <!-- com.example.bookacar.testcases.Select -->
