<?xml version="1.0" encoding="UTF-8"?>
<!-- Generated by org.testng.reporters.JUnitReportReporter -->
<testsuite hostname="HTC-D-CQX99R2" failures="0" tests="10" name="com.example.bookacar.testcases.BookACarForm" time="48.471" errors="0" timestamp="2024-05-10T17:02:15 IST" skipped="0">
  <testcase classname="com.example.bookacar.testcases.BookACarForm" name="clickOnFuelType" time="5.238"/>
  <system-out/>
  <testcase classname="com.example.bookacar.testcases.BookACarForm" name="selectInteriorColor" time="5.197"/>
  <system-out/>
  <testcase classname="com.example.bookacar.testcases.BookACarForm" name="selectExteriorColor" time="5.234"/>
  <system-out/>
  <testcase classname="com.example.bookacar.testcases.BookACarForm" name="selectDealerName" time="5.173"/>
  <system-out/>
  <testcase classname="com.example.bookacar.testcases.BookACarForm" name="clickOnModel" time="5.343"/>
  <system-out/>
  <testcase classname="com.example.bookacar.testcases.BookACarForm" name="selectDealerState" time="5.198"/>
  <system-out/>
  <testcase classname="com.example.bookacar.testcases.BookACarForm" name="selectDealerCity" time="5.187"/>
  <system-out/>
  <testcase classname="com.example.bookacar.testcases.BookACarForm" name="clickProceedButton" time="5.124"/>
  <system-out/>
  <testcase classname="com.example.bookacar.testcases.BookACarForm" name="testRedirectToWebsite" time="1.588"/>
  <system-out/>
  <testcase classname="com.example.bookacar.testcases.BookACarForm" name="selectVariant" time="5.189"/>
  <system-out/>
</testsuite> <!-- com.example.bookacar.testcases.BookACarForm -->
