<?xml version="1.0" encoding="UTF-8"?>
<!-- Generated by org.testng.reporters.JUnitReportReporter -->
<testsuite hostname="HTC-D-CQX99R2" failures="0" tests="3" name="com.example.bookacar.testcases.TestLeaf" time="1.583" errors="0" timestamp="2024-05-20T16:05:15 IST" skipped="0">
  <testcase classname="com.example.bookacar.testcases.TestLeaf" name="testRedirectToWebsite" time="0.035"/>
  <system-out/>
  <testcase classname="com.example.bookacar.testcases.TestLeaf" name="selectMonospaceOptionAndVerify" time="0.350"/>
  <system-out/>
  <testcase classname="com.example.bookacar.testcases.TestLeaf" name="typeNumberAndConfirmSliderMoves" time="1.198"/>
  <system-out/>
</testsuite> <!-- com.example.bookacar.testcases.TestLeaf -->
