<?xml version="1.0" encoding="UTF-8"?>
<!-- Generated by org.testng.reporters.JUnitReportReporter -->
<testsuite hostname="HTC-D-CQX99R2" failures="0" tests="5" name="com.example.bookacar.testcases.HyperLink" time="4.562" errors="0" timestamp="2024-05-24T14:18:18 IST" skipped="0">
  <testcase classname="com.example.bookacar.testcases.HyperLink" name="testFindDuplicateLinksInForm" time="0.262"/>
  <system-out/>
  <testcase classname="com.example.bookacar.testcases.HyperLink" name="testFindLinkDestination" time="0.033"/>
  <system-out/>
  <testcase classname="com.example.bookacar.testcases.HyperLink" name="testRedirectionToDashboard" time="3.186"/>
  <system-out/>
  <testcase classname="com.example.bookacar.testcases.HyperLink" name="testLinkCount" time="0.742"/>
  <system-out/>
  <testcase classname="com.example.bookacar.testcases.HyperLink" name="testLayoutLinkCountAndPrintText" time="0.339"/>
  <system-out/>
</testsuite> <!-- com.example.bookacar.testcases.HyperLink -->
