<?xml version="1.0" encoding="UTF-8"?>
<!-- Generated by org.testng.reporters.JUnitReportReporter -->
<testsuite hostname="HTC-D-CQX99R2" failures="1" tests="8" name="com.example.bookacar.testcases.Buttons" time="23.137" errors="0" timestamp="2024-05-21T14:16:40 IST" skipped="0">
  <testcase classname="com.example.bookacar.testcases.Buttons" name="confirmButtonIsDisabled" time="0.096"/>
  <system-out/>
  <testcase classname="com.example.bookacar.testcases.Buttons" name="findAndVerifySubmitButtonPosition" time="0.069"/>
  <system-out/>
  <testcase classname="com.example.bookacar.testcases.Buttons" name="findAndVerifySaveButtonColor" time="0.044"/>
  <system-out/>
  <testcase classname="com.example.bookacar.testcases.Buttons" name="findHeightAndWidthOfButton" time="0.042"/>
  <system-out/>
  <testcase classname="com.example.bookacar.testcases.Buttons" name="verifyColorChangeOnMouseOver" time="1.184"/>
  <system-out/>
  <testcase classname="com.example.bookacar.testcases.Buttons" name="clickImageButtonAndHiddenButton" time="0.226"/>
  <system-out/>
  <testcase classname="com.example.bookacar.testcases.Buttons" name="countRoundedButtons" time="0.070"/>
  <system-out/>
  <testcase classname="com.example.bookacar.testcases.Buttons" name="clickAndConfirmButtonTitle" time="21.406">
    <failure message="Test failed due to an exception: Expected condition failed: waiting for visibility of element located by By.xpath: //button[@id=&#039;j_idt88:j_idt90&#039;]/span[contains(@class, &#039;ui-button-text&#039;)] (tried for 20 second(s) with 500 milliseconds interval)" type="java.lang.AssertionError">
      <![CDATA[java.lang.AssertionError: Test failed due to an exception: Expected condition failed: waiting for visibility of element located by By.xpath: //button[@id='j_idt88:j_idt90']/span[contains(@class, 'ui-button-text')] (tried for 20 second(s) with 500 milliseconds interval)
at org.testng.Assert.fail(Assert.java:99)
at com.example.bookacar.testcases.Buttons.clickAndConfirmButtonTitle(Buttons.java:61)
at java.base/jdk.internal.reflect.NativeMethodAccessorImpl.invoke0(Native Method)
at java.base/jdk.internal.reflect.NativeMethodAccessorImpl.invoke(NativeMethodAccessorImpl.java:77)
at java.base/jdk.internal.reflect.DelegatingMethodAccessorImpl.invoke(DelegatingMethodAccessorImpl.java:43)
at java.base/java.lang.reflect.Method.invoke(Method.java:568)
at org.testng.internal.MethodInvocationHelper.invokeMethod(MethodInvocationHelper.java:133)
at org.testng.internal.TestInvoker.invokeMethod(TestInvoker.java:598)
at org.testng.internal.TestInvoker.invokeTestMethod(TestInvoker.java:173)
at org.testng.internal.MethodRunner.runInSequence(MethodRunner.java:46)
at org.testng.internal.TestInvoker$MethodInvocationAgent.invoke(TestInvoker.java:824)
at org.testng.internal.TestInvoker.invokeTestMethods(TestInvoker.java:146)
at org.testng.internal.TestMethodWorker.invokeTestMethods(TestMethodWorker.java:146)
at org.testng.internal.TestMethodWorker.run(TestMethodWorker.java:128)
at java.base/java.util.ArrayList.forEach(ArrayList.java:1511)
at org.testng.TestRunner.privateRun(TestRunner.java:794)
at org.testng.TestRunner.run(TestRunner.java:596)
at org.testng.SuiteRunner.runTest(SuiteRunner.java:377)
at org.testng.SuiteRunner.runSequentially(SuiteRunner.java:371)
at org.testng.SuiteRunner.privateRun(SuiteRunner.java:332)
at org.testng.SuiteRunner.run(SuiteRunner.java:276)
at org.testng.SuiteRunnerWorker.runSuite(SuiteRunnerWorker.java:53)
at org.testng.SuiteRunnerWorker.run(SuiteRunnerWorker.java:96)
at org.testng.TestNG.runSuitesSequentially(TestNG.java:1212)
at org.testng.TestNG.runSuitesLocally(TestNG.java:1134)
at org.testng.TestNG.runSuites(TestNG.java:1063)
at org.testng.TestNG.run(TestNG.java:1031)
at org.testng.remote.AbstractRemoteTestNG.run(AbstractRemoteTestNG.java:115)
at org.testng.remote.RemoteTestNG.initAndRun(RemoteTestNG.java:293)
at org.testng.remote.RemoteTestNG.main(RemoteTestNG.java:91)
]]>
    </failure>
  </testcase> <!-- clickAndConfirmButtonTitle -->
  <system-out/>
</testsuite> <!-- com.example.bookacar.testcases.Buttons -->
