<?xml version="1.0" encoding="UTF-8"?>
<!-- Generated by org.testng.reporters.JUnitReportReporter -->
<testsuite hostname="HTC-D-CQX99R2" failures="0" tests="7" name="com.example.bookacar.testcases.Checkbox" time="16.839" errors="0" timestamp="2024-05-23T14:51:10 IST" skipped="0">
  <testcase classname="com.example.bookacar.testcases.Checkbox" name="testCheckboxAndSpanElement" time="0.786"/>
  <system-out/>
  <testcase classname="com.example.bookacar.testcases.Checkbox" name="CheckboxNotificationCheck" time="0.219"/>
  <system-out/>
  <testcase classname="com.example.bookacar.testcases.Checkbox" name="testSelectCourses" time="0.355"/>
  <system-out/>
  <testcase classname="com.example.bookacar.testcases.Checkbox" name="testClickElement" time="13.890"/>
  <system-out/>
  <testcase classname="com.example.bookacar.testcases.Checkbox" name="testToggleSwitch" time="0.633"/>
  <system-out/>
  <testcase classname="com.example.bookacar.testcases.Checkbox" name="CheckboxDisabled" time="0.024"/>
  <system-out/>
  <testcase classname="com.example.bookacar.testcases.Checkbox" name="MultiSelectCheckboxes" time="0.932"/>
  <system-out/>
</testsuite> <!-- com.example.bookacar.testcases.Checkbox -->
