<?xml version="1.0" encoding="UTF-8"?>
<!-- Generated by org.testng.reporters.JUnitReportReporter -->
<testsuite hostname="HTC-D-CQX99R2" failures="0" tests="1" name="com.example.bookacar.testcases.Alerts" time="5.093" errors="0" timestamp="2024-06-10T15:25:31 IST" skipped="0">
  <testcase classname="com.example.bookacar.testcases.Alerts" name="testMinimizeAndMaximize" time="5.093"/>
  <system-out/>
</testsuite> <!-- com.example.bookacar.testcases.Alerts -->
