<?xml version="1.0" encoding="UTF-8"?>
<!-- Generated by org.testng.reporters.JUnitReportReporter -->
<testsuite hostname="HTC-D-CQX99R2" failures="0" tests="4" name="com.example.bookacar.testcases.Radio" time="5.465" errors="0" timestamp="2024-05-24T12:16:11 IST" skipped="0">
  <testcase classname="com.example.bookacar.testcases.Radio" name="testDefaultSelectedRadioButton" time="0.121"/>
  <system-out/>
  <testcase classname="com.example.bookacar.testcases.Radio" name="favoriteBrowserRadioButton" time="0.126"/>
  <system-out/>
  <testcase classname="com.example.bookacar.testcases.Radio" name="testUnselectRadioButton" time="0.094"/>
  <system-out/>
  <testcase classname="com.example.bookacar.testcases.Radio" name="testUnselectRadioButton1" time="5.124"/>
  <system-out/>
</testsuite> <!-- com.example.bookacar.testcases.Radio -->
