<?xml version="1.0" encoding="UTF-8"?>
<!-- Generated by org.testng.reporters.JUnitReportReporter -->
<testsuite hostname="HTC-D-CQX99R2" failures="0" tests="1" name="com.example.bookacar.testcases.Drag" time="1.275" errors="0" timestamp="2024-06-10T17:01:33 IST" skipped="0">
  <testcase classname="com.example.bookacar.testcases.Drag" name="testDraggableColumns" time="1.275"/>
  <system-out/>
</testsuite> <!-- com.example.bookacar.testcases.Drag -->
