<?xml version="1.0" encoding="UTF-8"?>
<!-- Generated by org.testng.reporters.JUnitReportReporter -->
<testsuite hostname="HTC-D-CQX99R2" failures="0" tests="3" name="com.example.bookacar.testcases.Frame" time="2.288" errors="0" timestamp="2024-06-06T16:10:41 IST" skipped="0">
  <testcase classname="com.example.bookacar.testcases.Frame" name="testButtonInNestedFrame" time="0.937"/>
  <system-out/>
  <testcase classname="com.example.bookacar.testcases.Frame" name="testCountIFrames" time="0.960"/>
  <system-out/>
  <testcase classname="com.example.bookacar.testcases.Frame" name="testButtonInSingleFrame" time="0.391"/>
  <system-out/>
</testsuite> <!-- com.example.bookacar.testcases.Frame -->
