<?xml version="1.0" encoding="UTF-8"?>
<!-- Generated by org.testng.reporters.JUnitReportReporter -->
<testsuite hostname="HTC-D-CQX99R2" failures="0" tests="3" name="com.example.bookacar.testcases.Frame" time="1.937" errors="0" timestamp="2024-06-07T15:49:48 IST" skipped="0">
  <testcase classname="com.example.bookacar.testcases.Frame" name="testButtonInNestedFrame" time="0.903"/>
  <system-out/>
  <testcase classname="com.example.bookacar.testcases.Frame" name="testCountIFrames" time="0.604"/>
  <system-out/>
  <testcase classname="com.example.bookacar.testcases.Frame" name="testButtonInSingleFrame" time="0.430"/>
  <system-out/>
</testsuite> <!-- com.example.bookacar.testcases.Frame -->
