<?xml version="1.0" encoding="UTF-8"?>
<!-- Generated by org.testng.reporters.JUnitReportReporter -->
<testsuite hostname="HTC-D-CQX99R2" failures="0" tests="6" name="com.example.bookacar.testcases.Drag" time="16.906" errors="0" timestamp="2024-06-12T11:32:18 IST" skipped="0">
  <testcase classname="com.example.bookacar.testcases.Drag" name="testDragAction" time="2.176"/>
  <system-out/>
  <testcase classname="com.example.bookacar.testcases.Drag" name="testDraggableColumns" time="0.520"/>
  <system-out/>
  <testcase classname="com.example.bookacar.testcases.Drag" name="testResizeImageWithActionsAndNotification" time="0.563"/>
  <system-out/>
  <testcase classname="com.example.bookacar.testcases.Drag" name="testDraggableRow" time="0.722"/>
  <system-out/>
  <testcase classname="com.example.bookacar.testcases.Drag" name="testProgressBar" time="12.404"/>
  <system-out/>
  <testcase classname="com.example.bookacar.testcases.Drag" name="testRangeSlider" time="0.521"/>
  <system-out/>
</testsuite> <!-- com.example.bookacar.testcases.Drag -->
