<?xml version="1.0" encoding="UTF-8"?>
<!-- Generated by org.testng.reporters.JUnitReportReporter -->
<testsuite hostname="HTC-D-CQX99R2" failures="0" tests="4" name="com.example.bookacar.testcases.Window" time="11.243" errors="0" timestamp="2024-06-06T13:59:14 IST" skipped="0">
  <testcase classname="com.example.bookacar.testcases.Window" name="testWindowSwitch" time="1.380"/>
  <system-out/>
  <testcase classname="com.example.bookacar.testcases.Window" name="testWindowCountAndTabs" time="2.505"/>
  <system-out/>
  <testcase classname="com.example.bookacar.testcases.Window" name="testCloseWindowsExceptPrimary" time="2.067"/>
  <system-out/>
  <testcase classname="com.example.bookacar.testcases.Window" name="testTwoNewTabToOpen" time="5.291"/>
  <system-out/>
</testsuite> <!-- com.example.bookacar.testcases.Window -->
