<?xml version="1.0" encoding="UTF-8"?>
<!-- Generated by org.testng.reporters.JUnitReportReporter -->
<testsuite hostname="DESKTOP-JKBKG0K" failures="0" tests="7" name="com.example.bookacar.testcases.Alerts" time="7.019" errors="0" timestamp="2024-06-10T23:28:46 IST" skipped="0">
  <testcase classname="com.example.bookacar.testcases.Alerts" name="SimpleDialogAlert" time="2.572"/>
  <testcase classname="com.example.bookacar.testcases.Alerts" name="ConfirmDialogAlert" time="0.819"/>
  <testcase classname="com.example.bookacar.testcases.Alerts" name="SweetAlertAlert" time="0.651"/>
  <testcase classname="com.example.bookacar.testcases.Alerts" name="testSweetModalDialog" time="0.675"/>
  <testcase classname="com.example.bookacar.testcases.Alerts" name="testPromplDialog" time="0.867"/>
  <testcase classname="com.example.bookacar.testcases.Alerts" name="testSweetAlertConfirmation" time="0.444"/>
  <testcase classname="com.example.bookacar.testcases.Alerts" name="testMinimizeAndMaximize" time="0.991"/>
</testsuite> <!-- com.example.bookacar.testcases.Alerts -->
