<?xml version="1.0" encoding="UTF-8"?>
<!-- Generated by org.testng.reporters.JUnitReportReporter -->
<testsuite hostname="HTC-D-CQX99R2" failures="0" tests="7" name="com.example.bookacar.testcases.Alerts" time="4.015" errors="0" timestamp="2024-06-10T15:27:12 IST" skipped="0">
  <testcase classname="com.example.bookacar.testcases.Alerts" name="SimpleDialogAlert" time="0.796"/>
  <system-out/>
  <testcase classname="com.example.bookacar.testcases.Alerts" name="ConfirmDialogAlert" time="0.839"/>
  <system-out/>
  <testcase classname="com.example.bookacar.testcases.Alerts" name="SweetAlertAlert" time="0.429"/>
  <system-out/>
  <testcase classname="com.example.bookacar.testcases.Alerts" name="testSweetModalDialog" time="0.457"/>
  <system-out/>
  <testcase classname="com.example.bookacar.testcases.Alerts" name="testPromplDialog" time="0.395"/>
  <system-out/>
  <testcase classname="com.example.bookacar.testcases.Alerts" name="testSweetAlertConfirmation" time="0.289"/>
  <system-out/>
  <testcase classname="com.example.bookacar.testcases.Alerts" name="testMinimizeAndMaximize" time="0.810"/>
  <system-out/>
</testsuite> <!-- com.example.bookacar.testcases.Alerts -->
