<?xml version="1.0" encoding="UTF-8"?>
<!-- Generated by org.testng.reporters.JUnitReportReporter -->
<testsuite hostname="HTC-D-CQX99R2" failures="0" tests="5" name="com.example.bookacar.testcases.Alerts" time="2.548" errors="0" timestamp="2024-06-10T12:49:13 IST" skipped="0">
  <testcase classname="com.example.bookacar.testcases.Alerts" name="SimpleDialogAlert" time="0.794"/>
  <system-out/>
  <testcase classname="com.example.bookacar.testcases.Alerts" name="ConfirmDialogAlert" time="0.620"/>
  <system-out/>
  <testcase classname="com.example.bookacar.testcases.Alerts" name="testSweetModalDialog" time="0.471"/>
  <system-out/>
  <testcase classname="com.example.bookacar.testcases.Alerts" name="testPromplDialog" time="0.379"/>
  <system-out/>
  <testcase classname="com.example.bookacar.testcases.Alerts" name="testSweetAlertConfirmation" time="0.284"/>
  <system-out/>
</testsuite> <!-- com.example.bookacar.testcases.Alerts -->
