<?xml version="1.0" encoding="UTF-8"?>
<!-- Generated by org.testng.reporters.JUnitReportReporter -->
<testsuite hostname="HTC-D-CQX99R2" failures="0" tests="3" name="com.example.bookacar.testcases.Waits" time="10.082" errors="0" timestamp="2024-05-24T13:59:17 IST" skipped="0">
  <testcase classname="com.example.bookacar.testcases.Waits" name="testButtonTextChangedAfterClick" time="1.247"/>
  <system-out/>
  <testcase classname="com.example.bookacar.testcases.Waits" name="testButtonVisibilityAfterClick" time="0.633"/>
  <system-out/>
  <testcase classname="com.example.bookacar.testcases.Waits" name="testButtonInvisibilityAfterClick" time="8.202"/>
  <system-out/>
</testsuite> <!-- com.example.bookacar.testcases.Waits -->
