<?xml version="1.0" encoding="UTF-8"?>
<!-- Generated by org.testng.reporters.JUnitReportReporter -->
<testsuite hostname="HTC-D-CQX99R2" failures="0" tests="1" name="com.example.bookacar.testcases.Drag" time="0.529" errors="0" timestamp="2024-06-12T11:44:33 IST" skipped="0">
  <testcase classname="com.example.bookacar.testcases.Drag" name="testRangeSlider" time="0.529"/>
  <system-out/>
</testsuite> <!-- com.example.bookacar.testcases.Drag -->
