<?xml version="1.0" encoding="UTF-8"?>
<!-- Generated by org.testng.reporters.JUnitReportReporter -->
<testsuite hostname="HTC-D-CQX99R2" failures="0" tests="4" name="com.example.bookacar.testcases.Window" time="10.031" errors="0" timestamp="2024-06-06T12:47:53 IST" skipped="0">
  <testcase classname="com.example.bookacar.testcases.Window" name="testWindowSwitch" time="0.963"/>
  <system-out/>
  <testcase classname="com.example.bookacar.testcases.Window" name="testWindowCountAndTabs" time="2.098"/>
  <system-out/>
  <testcase classname="com.example.bookacar.testcases.Window" name="testCloseWindowsExceptPrimary" time="1.717"/>
  <system-out/>
  <testcase classname="com.example.bookacar.testcases.Window" name="testTwoNewTabToOpen" time="5.253"/>
  <system-out/>
</testsuite> <!-- com.example.bookacar.testcases.Window -->
