<?xml version="1.0" encoding="UTF-8"?>
<!-- Generated by org.testng.reporters.JUnitReportReporter -->
<testsuite hostname="HTC-D-CQX99R2" failures="0" tests="4" name="com.example.bookacar.testcases.Window" time="10.173" errors="0" timestamp="2024-06-07T17:59:12 IST" skipped="0">
  <testcase classname="com.example.bookacar.testcases.Window" name="testWindowSwitch" time="0.362"/>
  <system-out/>
  <testcase classname="com.example.bookacar.testcases.Window" name="testWindowCountAndTabs" time="2.546"/>
  <system-out/>
  <testcase classname="com.example.bookacar.testcases.Window" name="testCloseWindowsExceptPrimary" time="1.962"/>
  <system-out/>
  <testcase classname="com.example.bookacar.testcases.Window" name="testTwoNewTabToOpen" time="5.303"/>
  <system-out/>
</testsuite> <!-- com.example.bookacar.testcases.Window -->
